make all --dry-run --keep-going --print-directory
make: Entering directory '/home/werem/Documents/projects/cpp/framebuffer'
echo "==== Building Fonts (debug) ===="
make --no-print-directory -C . -f Fonts.make config=debug
 
echo Creating obj/Debug/Fonts
mkdir -p obj/Debug/Fonts
echo fonts.c
clang   -MMD -MP   -std=c99  -o "obj/Debug/Fonts/fonts.o" -MF "obj/Debug/Fonts/fonts.d" -c "src/core/fonts/fonts.c"
echo Linking Fonts
ar -rcs "bin/Debug/libFonts.a" obj/Debug/Fonts/fonts.o 
:
echo "==== Building GLAD (debug) ===="
make --no-print-directory -C . -f GLAD.make config=debug
 
echo Creating obj/Debug/GLAD
mkdir -p obj/Debug/GLAD
echo glad.c
 
clang   -MMD -MP  -Ilibs/GLAD/include -std=c99  -o "obj/Debug/GLAD/glad.o" -MF "obj/Debug/GLAD/glad.d" -c "libs/GLAD/src/glad.c"
echo Linking GLAD
ar -rcs "bin/Debug/libGLAD.a" obj/Debug/GLAD/glad.o 
:
echo "==== Building SoftwareRenderer (debug) ===="
make --no-print-directory -C . -f SoftwareRenderer.make config=debug
 
echo Creating obj/Debug/SoftwareRenderer
mkdir -p obj/Debug/SoftwareRenderer
echo gameObject.cpp
 
clang++   -MMD -MP -DDEBUG -Ilibs/include -Ilibs/GLAD/include -g -std=c++17  -o "obj/Debug/SoftwareRenderer/gameObject.o" -MF "obj/Debug/SoftwareRenderer/gameObject.d" -c "src/core/gameObject/gameObject.cpp"
echo graphics.cpp
clang++   -MMD -MP -DDEBUG -Ilibs/include -Ilibs/GLAD/include -g -std=c++17  -o "obj/Debug/SoftwareRenderer/graphics.o" -MF "obj/Debug/SoftwareRenderer/graphics.d" -c "src/core/graphics/graphics.cpp"
echo imageData.cpp
clang++   -MMD -MP -DDEBUG -Ilibs/include -Ilibs/GLAD/include -g -std=c++17  -o "obj/Debug/SoftwareRenderer/imageData.o" -MF "obj/Debug/SoftwareRenderer/imageData.d" -c "src/core/graphics/imageData/imageData.cpp"
echo animation.cpp
clang++   -MMD -MP -DDEBUG -Ilibs/include -Ilibs/GLAD/include -g -std=c++17  -o "obj/Debug/SoftwareRenderer/animation.o" -MF "obj/Debug/SoftwareRenderer/animation.d" -c "src/core/graphics/sprite/animation/animation.cpp"
echo sprite.cpp
clang++   -MMD -MP -DDEBUG -Ilibs/include -Ilibs/GLAD/include -g -std=c++17  -o "obj/Debug/SoftwareRenderer/sprite.o" -MF "obj/Debug/SoftwareRenderer/sprite.d" -c "src/core/graphics/sprite/sprite.cpp"
echo keyboard.cpp
clang++   -MMD -MP -DDEBUG -Ilibs/include -Ilibs/GLAD/include -g -std=c++17  -o "obj/Debug/SoftwareRenderer/keyboard.o" -MF "obj/Debug/SoftwareRenderer/keyboard.d" -c "src/core/input/keyboard.cpp"
 
echo mouse.cpp
clang++   -MMD -MP -DDEBUG -Ilibs/include -Ilibs/GLAD/include -g -std=c++17  -o "obj/Debug/SoftwareRenderer/mouse.o" -MF "obj/Debug/SoftwareRenderer/mouse.d" -c "src/core/input/mouse.cpp"
echo mathUtils.cpp
clang++   -MMD -MP -DDEBUG -Ilibs/include -Ilibs/GLAD/include -g -std=c++17  -o "obj/Debug/SoftwareRenderer/mathUtils.o" -MF "obj/Debug/SoftwareRenderer/mathUtils.d" -c "src/core/math/mathUtils.cpp"
echo shader.cpp
clang++   -MMD -MP -DDEBUG -Ilibs/include -Ilibs/GLAD/include -g -std=c++17  -o "obj/Debug/SoftwareRenderer/shader.o" -MF "obj/Debug/SoftwareRenderer/shader.d" -c "src/core/shader/shader.cpp"
 
echo imgui.cpp
clang++   -MMD -MP -DDEBUG -Ilibs/include -Ilibs/GLAD/include -g -std=c++17  -o "obj/Debug/SoftwareRenderer/imgui.o" -MF "obj/Debug/SoftwareRenderer/imgui.d" -c "src/imgui/imgui.cpp"
echo imgui_demo.cpp
clang++   -MMD -MP -DDEBUG -Ilibs/include -Ilibs/GLAD/include -g -std=c++17  -o "obj/Debug/SoftwareRenderer/imgui_demo.o" -MF "obj/Debug/SoftwareRenderer/imgui_demo.d" -c "src/imgui/imgui_demo.cpp"
echo imgui_draw.cpp
clang++   -MMD -MP -DDEBUG -Ilibs/include -Ilibs/GLAD/include -g -std=c++17  -o "obj/Debug/SoftwareRenderer/imgui_draw.o" -MF "obj/Debug/SoftwareRenderer/imgui_draw.d" -c "src/imgui/imgui_draw.cpp"
echo imgui_impl_glfw.cpp
clang++   -MMD -MP -DDEBUG -Ilibs/include -Ilibs/GLAD/include -g -std=c++17  -o "obj/Debug/SoftwareRenderer/imgui_impl_glfw.o" -MF "obj/Debug/SoftwareRenderer/imgui_impl_glfw.d" -c "src/imgui/imgui_impl_glfw.cpp"
echo imgui_impl_opengl3.cpp
clang++   -MMD -MP -DDEBUG -Ilibs/include -Ilibs/GLAD/include -g -std=c++17  -o "obj/Debug/SoftwareRenderer/imgui_impl_opengl3.o" -MF "obj/Debug/SoftwareRenderer/imgui_impl_opengl3.d" -c "src/imgui/imgui_impl_opengl3.cpp"
echo imgui_tables.cpp
clang++   -MMD -MP -DDEBUG -Ilibs/include -Ilibs/GLAD/include -g -std=c++17  -o "obj/Debug/SoftwareRenderer/imgui_tables.o" -MF "obj/Debug/SoftwareRenderer/imgui_tables.d" -c "src/imgui/imgui_tables.cpp"
 
echo imgui_widgets.cpp
clang++   -MMD -MP -DDEBUG -Ilibs/include -Ilibs/GLAD/include -g -std=c++17  -o "obj/Debug/SoftwareRenderer/imgui_widgets.o" -MF "obj/Debug/SoftwareRenderer/imgui_widgets.d" -c "src/imgui/imgui_widgets.cpp"
echo main.cpp
clang++   -MMD -MP -DDEBUG -Ilibs/include -Ilibs/GLAD/include -g -std=c++17  -o "obj/Debug/SoftwareRenderer/main.o" -MF "obj/Debug/SoftwareRenderer/main.d" -c "src/main.cpp"
echo camera.cpp
clang++   -MMD -MP -DDEBUG -Ilibs/include -Ilibs/GLAD/include -g -std=c++17  -o "obj/Debug/SoftwareRenderer/camera.o" -MF "obj/Debug/SoftwareRenderer/camera.d" -c "src/program/camera/camera.cpp"
echo object3d.cpp
 
clang++   -MMD -MP -DDEBUG -Ilibs/include -Ilibs/GLAD/include -g -std=c++17  -o "obj/Debug/SoftwareRenderer/object3d.o" -MF "obj/Debug/SoftwareRenderer/object3d.d" -c "src/program/object3D/object3d.cpp"
echo program.cpp
clang++   -MMD -MP -DDEBUG -Ilibs/include -Ilibs/GLAD/include -g -std=c++17  -o "obj/Debug/SoftwareRenderer/program.o" -MF "obj/Debug/SoftwareRenderer/program.d" -c "src/program/program.cpp"
echo shape.cpp
clang++   -MMD -MP -DDEBUG -Ilibs/include -Ilibs/GLAD/include -g -std=c++17  -o "obj/Debug/SoftwareRenderer/shape.o" -MF "obj/Debug/SoftwareRenderer/shape.d" -c "src/program/shape/shape.cpp"
 
make[1]: *** No rule to make target 'bin/Debug/libFonts.a', needed by 'bin/Debug/SoftwareRenderer'.
make[1]: *** No rule to make target 'bin/Debug/libGLAD.a', needed by 'bin/Debug/SoftwareRenderer'.
make: *** [Makefile:31: SoftwareRenderer] Error 2
 
make: Leaving directory '/home/werem/Documents/projects/cpp/framebuffer'
 
